<?xml version="1.0" encoding="UTF-8"?>
<!-- Generated by org.testng.reporters.JUnitReportReporter -->
<testsuite hostname="DESKTOP-GH2N43I" failures="0" tests="3" name="Screenshot.testng" time="63.003" errors="0" timestamp="2023-09-28T16:20:10 GMT-12:00" skipped="0">
  <testcase classname="Screenshot.testng" name="test2" time="41.117"/>
  <testcase classname="Screenshot.testng" name="Browsertest" time="15.978"/>
  <testcase classname="Screenshot.testng" name="teardown" time="5.908"/>
</testsuite> <!-- Screenshot.testng -->
